Using pre-set license
Built from '2022.3/staging' branch; Version is '2022.3.9f1 (ea401c316338) revision 15351836'; Using compiler version '192829333'; Build Type 'Release'
OS: 'Windows 11  (10.0.22621) 64bit ProfessionalN' Language: 'es' Physical Memory: 19829 MB
BatchMode: 1, IsHumanControllingUs: 0, StartBugReporterOnCrash: 0, Is64bit: 1, IsPro: 1

COMMAND LINE ARGUMENTS:
E:\2022.3.9f1\Editor\Unity.exe
-adb2
-batchMode
-noUpm
-name
AssetImportWorker2
-projectPath
F:/DAM/2/M17 Programacion Videojuegos/TheAbyss
-logFile
Logs/AssetImportWorker2.log
-srvPort
50156
Successfully changed project path to: F:/DAM/2/M17 Programacion Videojuegos/TheAbyss
F:/DAM/2/M17 Programacion Videojuegos/TheAbyss
[UnityMemory] Configuration Parameters - Can be set up in boot.config
    "memorysetup-bucket-allocator-granularity=16"
    "memorysetup-bucket-allocator-bucket-count=8"
    "memorysetup-bucket-allocator-block-size=33554432"
    "memorysetup-bucket-allocator-block-count=8"
    "memorysetup-main-allocator-block-size=16777216"
    "memorysetup-thread-allocator-block-size=16777216"
    "memorysetup-gfx-main-allocator-block-size=16777216"
    "memorysetup-gfx-thread-allocator-block-size=16777216"
    "memorysetup-cache-allocator-block-size=4194304"
    "memorysetup-typetree-allocator-block-size=2097152"
    "memorysetup-profiler-bucket-allocator-granularity=16"
    "memorysetup-profiler-bucket-allocator-bucket-count=8"
    "memorysetup-profiler-bucket-allocator-block-size=33554432"
    "memorysetup-profiler-bucket-allocator-block-count=8"
    "memorysetup-profiler-allocator-block-size=16777216"
    "memorysetup-profiler-editor-allocator-block-size=1048576"
    "memorysetup-temp-allocator-size-main=16777216"
    "memorysetup-job-temp-allocator-block-size=2097152"
    "memorysetup-job-temp-allocator-block-size-background=1048576"
    "memorysetup-job-temp-allocator-reduction-small-platforms=262144"
    "memorysetup-allocator-temp-initial-block-size-main=262144"
    "memorysetup-allocator-temp-initial-block-size-worker=262144"
    "memorysetup-temp-allocator-size-background-worker=32768"
    "memorysetup-temp-allocator-size-job-worker=262144"
    "memorysetup-temp-allocator-size-preload-manager=33554432"
    "memorysetup-temp-allocator-size-nav-mesh-worker=65536"
    "memorysetup-temp-allocator-size-audio-worker=65536"
    "memorysetup-temp-allocator-size-cloud-worker=32768"
    "memorysetup-temp-allocator-size-gi-baking-worker=262144"
    "memorysetup-temp-allocator-size-gfx=262144"
Player connection [4028] Host "[IP] 192.168.56.1 [Port] 0 [Flags] 2 [Guid] 3762169127 [EditorId] 3762169127 [Version] 1048832 [Id] WindowsEditor(7,DESKTOP-0956UMB) [Debug] 1 [PackageName] WindowsEditor [ProjectName] Editor" joined multi-casting on [225.0.0.222:54997]...

Player connection [4028] Host "[IP] 192.168.56.1 [Port] 0 [Flags] 2 [Guid] 3762169127 [EditorId] 3762169127 [Version] 1048832 [Id] WindowsEditor(7,DESKTOP-0956UMB) [Debug] 1 [PackageName] WindowsEditor [ProjectName] Editor" joined alternative multi-casting on [225.0.0.222:34997]...

[Physics::Module] Initialized MultithreadedJobDispatcher with 11 workers.
Refreshing native plugins compatible for Editor in 16.31 ms, found 4 plugins.
Preloading 0 native plugins for Editor in 0.00 ms.
Initialize engine version: 2022.3.9f1 (ea401c316338)
[Subsystems] Discovering subsystems at path E:/2022.3.9f1/Editor/Data/Resources/UnitySubsystems
[Subsystems] Discovering subsystems at path F:/DAM/2/M17 Programacion Videojuegos/TheAbyss/Assets
GfxDevice: creating device client; threaded=0; jobified=0
Direct3D:
    Version:  Direct3D 11.0 [level 11.1]
    Renderer: NVIDIA GeForce GTX 1650 (ID=0x1f99)
    Vendor:   NVIDIA
    VRAM:     3950 MB
    Driver:   31.0.15.3734
Initialize mono
Mono path[0] = 'E:/2022.3.9f1/Editor/Data/Managed'
Mono path[1] = 'E:/2022.3.9f1/Editor/Data/MonoBleedingEdge/lib/mono/unityjit-win32'
Mono config path = 'E:/2022.3.9f1/Editor/Data/MonoBleedingEdge/etc'
Using monoOptions --debugger-agent=transport=dt_socket,embedding=1,server=y,suspend=n,address=127.0.0.1:56776
Begin MonoManager ReloadAssembly
Registering precompiled unity dll's ...
Register platform support module: E:/2022.3.9f1/Editor/Data/PlaybackEngines/AndroidPlayer/UnityEditor.Android.Extensions.dll
Register platform support module: E:/2022.3.9f1/Editor/Data/PlaybackEngines/WindowsStandaloneSupport/UnityEditor.WindowsStandalone.Extensions.dll
Registered in 0.003031 seconds.
- Loaded All Assemblies, in  0.335 seconds
Native extension for WindowsStandalone target not found
Native extension for Android target not found
Android Extension - Scanning For ADB Devices 240 ms
Mono: successfully reloaded assembly
- Finished resetting the current domain, in  0.544 seconds
Domain Reload Profiling: 879ms
	BeginReloadAssembly (95ms)
		ExecutionOrderSort (0ms)
		DisableScriptedObjects (0ms)
		BackupInstance (0ms)
		ReleaseScriptingObjects (0ms)
		CreateAndSetChildDomain (1ms)
	RebuildCommonClasses (37ms)
	RebuildNativeTypeToScriptingClass (11ms)
	initialDomainReloadingComplete (48ms)
	LoadAllAssembliesAndSetupDomain (143ms)
		LoadAssemblies (94ms)
		RebuildTransferFunctionScriptingTraits (0ms)
		AnalyzeDomain (140ms)
			TypeCache.Refresh (139ms)
				TypeCache.ScanAssembly (127ms)
			ScanForSourceGeneratedMonoScriptInfo (0ms)
			ResolveRequiredComponents (0ms)
	FinalizeReload (544ms)
		ReleaseScriptCaches (0ms)
		RebuildScriptCaches (0ms)
		SetupLoadedEditorAssemblies (489ms)
			LogAssemblyErrors (0ms)
			InitializePlatformSupportModulesInManaged (350ms)
			SetLoadedEditorAssemblies (4ms)
			RefreshPlugins (0ms)
			BeforeProcessingInitializeOnLoad (2ms)
			ProcessInitializeOnLoadAttributes (89ms)
			ProcessInitializeOnLoadMethodAttributes (44ms)
			AfterProcessingInitializeOnLoad (0ms)
			EditorAssembliesLoaded (0ms)
		ExecutionOrderSort2 (0ms)
		AwakeInstancesAfterBackupRestoration (0ms)
========================================================================
Worker process is ready to serve import requests
Begin MonoManager ReloadAssembly
- Loaded All Assemblies, in  0.585 seconds
Refreshing native plugins compatible for Editor in 4.00 ms, found 4 plugins.
Native extension for WindowsStandalone target not found
Native extension for Android target not found
Package Manager log level set to [2]
[Package Manager] Server::EnsureServerProcessIsRunning -- launch failed, reason: Unity was launched with the -noUpm command-line argument
[Package Manager] UpmClient::Send -- Unable to send message (not connected to UPM process).
[Package Manager] Cannot connect to Unity Package Manager local server
Mono: successfully reloaded assembly
- Finished resetting the current domain, in  0.579 seconds
Domain Reload Profiling: 1164ms
	BeginReloadAssembly (144ms)
		ExecutionOrderSort (0ms)
		DisableScriptedObjects (5ms)
		BackupInstance (0ms)
		ReleaseScriptingObjects (0ms)
		CreateAndSetChildDomain (23ms)
	RebuildCommonClasses (35ms)
	RebuildNativeTypeToScriptingClass (13ms)
	initialDomainReloadingComplete (35ms)
	LoadAllAssembliesAndSetupDomain (358ms)
		LoadAssemblies (273ms)
		RebuildTransferFunctionScriptingTraits (0ms)
		AnalyzeDomain (168ms)
			TypeCache.Refresh (144ms)
				TypeCache.ScanAssembly (128ms)
			ScanForSourceGeneratedMonoScriptInfo (19ms)
			ResolveRequiredComponents (4ms)
	FinalizeReload (580ms)
		ReleaseScriptCaches (0ms)
		RebuildScriptCaches (0ms)
		SetupLoadedEditorAssemblies (410ms)
			LogAssemblyErrors (0ms)
			InitializePlatformSupportModulesInManaged (21ms)
			SetLoadedEditorAssemblies (3ms)
			RefreshPlugins (0ms)
			BeforeProcessingInitializeOnLoad (62ms)
			ProcessInitializeOnLoadAttributes (284ms)
			ProcessInitializeOnLoadMethodAttributes (38ms)
			AfterProcessingInitializeOnLoad (2ms)
			EditorAssembliesLoaded (0ms)
		ExecutionOrderSort2 (0ms)
		AwakeInstancesAfterBackupRestoration (6ms)
Launched and connected shader compiler UnityShaderCompiler.exe after 0.05 seconds
Refreshing native plugins compatible for Editor in 3.33 ms, found 4 plugins.
Preloading 0 native plugins for Editor in 0.00 ms.
Unloading 4006 Unused Serialized files (Serialized files now loaded: 0)
Unloading 69 unused Assets / (244.6 KB). Loaded Objects now: 4465.
Memory consumption went from 141.9 MB to 141.6 MB.
Total: 3.782500 ms (FindLiveObjects: 0.380500 ms CreateObjectMapping: 0.118900 ms MarkObjects: 3.041000 ms  DeleteObjects: 0.239800 ms)

AssetImportParameters requested are different than current active one (requested -> active):
  custom:container-demuxer-ogg: 62fdf1f143b41e24485cea50d1cbac27 -> 
  custom:video-decoder-ogg-theora: a1e56fd34408186e4bbccfd4996cb3dc -> 
  custom:framework-win-MediaFoundation: 216162199b28c13a410421893ffa2e32 -> 
  custom:CustomObjectIndexerAttribute: 756ad292c208cfabdd7b50bc23989ffe -> 
  custom:container-demuxer-webm: 4f35f7cbe854078d1ac9338744f61a02 -> 
  custom:container-muxer-webm: aa71ff27fc2769a1b78a27578f13a17b -> 
  custom:video-decoder-webm-vp8: 9c59270c3fd7afecdb556c50c9e8de78 -> 
  custom:SearchIndexIgnoredProperties: e643bd26f0fe6173181afceb89e7c659 -> 
  custom:AudioImporter_EditorPlatform: d09bf68614088b80899f8185d706f6e7 -> 
  custom:video-encoder-webm-vp8: eb34c28f22e8b96e1ab97ce403110664 -> 
  custom:audio-decoder-ogg-vorbis: bf7c407c2cedff20999df2af8eb42d56 -> 
  custom:audio-encoder-webm-vorbis: bf7c407c2cedff20999df2af8eb42d56 -> 
========================================================================
Received Import Request.
  Time since last request: 1820.510417 seconds.
  path: Assets/TileSet/Tiles/1_bit_dungeon_tilest.png
  artifactKey: Guid(507ca97a93caf8345b7d3a094fb8e89c) Importer(815301076,1909f56bfc062723c751e8b465ee728b)
Start importing Assets/TileSet/Tiles/1_bit_dungeon_tilest.png using Guid(507ca97a93caf8345b7d3a094fb8e89c) Importer(815301076,1909f56bfc062723c751e8b465ee728b)  -> (artifact id: 'd4de97c03ea4e516705c89a70e8e631a') in 0.618122 seconds
Number of updated asset objects reloaded before import = 0
Number of asset objects unloaded after import = 227
========================================================================
Received Import Request.
  Time since last request: 5.303883 seconds.
  path: Assets/TileSet/Tiles/1_bit_dungeon_tilest.png
  artifactKey: Guid(507ca97a93caf8345b7d3a094fb8e89c) Importer(815301076,1909f56bfc062723c751e8b465ee728b)
Start importing Assets/TileSet/Tiles/1_bit_dungeon_tilest.png using Guid(507ca97a93caf8345b7d3a094fb8e89c) Importer(815301076,1909f56bfc062723c751e8b465ee728b)  -> (artifact id: 'ab698fc0ece7c9590f4396a9a8d15e39') in 0.527030 seconds
Number of updated asset objects reloaded before import = 0
Number of asset objects unloaded after import = 227
========================================================================
Received Import Request.
  Time since last request: 3.879625 seconds.
  path: Assets/TileSet/Tiles/1_bit_dungeon_tilest.png
  artifactKey: Guid(507ca97a93caf8345b7d3a094fb8e89c) Importer(815301076,1909f56bfc062723c751e8b465ee728b)
Start importing Assets/TileSet/Tiles/1_bit_dungeon_tilest.png using Guid(507ca97a93caf8345b7d3a094fb8e89c) Importer(815301076,1909f56bfc062723c751e8b465ee728b)  -> (artifact id: 'a70c5ace9c7b04623e52f16eaae7b728') in 0.557587 seconds
Number of updated asset objects reloaded before import = 0
Number of asset objects unloaded after import = 227
========================================================================
Received Import Request.
  Time since last request: 79.559841 seconds.
  path: Assets/Character/_Idle.png
  artifactKey: Guid(8d7f2bf32a510f6418efcb4f742b5244) Importer(815301076,1909f56bfc062723c751e8b465ee728b)
Start importing Assets/Character/_Idle.png using Guid(8d7f2bf32a510f6418efcb4f742b5244) Importer(815301076,1909f56bfc062723c751e8b465ee728b)  -> (artifact id: 'a312b8b39e264c0f57e40701089333dd') in 0.031113 seconds
Number of updated asset objects reloaded before import = 0
Number of asset objects unloaded after import = 12
========================================================================
Received Import Request.
  Time since last request: 14.056318 seconds.
  path: Assets/Character/_Run.png
  artifactKey: Guid(d7d97a2a58d9322458416adb83d2a5a0) Importer(815301076,1909f56bfc062723c751e8b465ee728b)
Start importing Assets/Character/_Run.png using Guid(d7d97a2a58d9322458416adb83d2a5a0) Importer(815301076,1909f56bfc062723c751e8b465ee728b)  -> (artifact id: '85ac6825150d7d091c1736cc4248939d') in 0.034272 seconds
Number of updated asset objects reloaded before import = 0
Number of asset objects unloaded after import = 12
========================================================================
Received Import Request.
  Time since last request: 6.831818 seconds.
  path: Assets/Character/_Roll.png
  artifactKey: Guid(e6415d15cec2b894595049d6a3b5e7b9) Importer(815301076,1909f56bfc062723c751e8b465ee728b)
Start importing Assets/Character/_Roll.png using Guid(e6415d15cec2b894595049d6a3b5e7b9) Importer(815301076,1909f56bfc062723c751e8b465ee728b)  -> (artifact id: '56b203dc2b652f7106a157049f7cb2f8') in 0.037826 seconds
Number of updated asset objects reloaded before import = 0
Number of asset objects unloaded after import = 14
========================================================================
Received Import Request.
  Time since last request: 5.728802 seconds.
  path: Assets/Character/_Attack.png
  artifactKey: Guid(abfff9b15e1bfaf479114fd912c1de34) Importer(815301076,1909f56bfc062723c751e8b465ee728b)
Start importing Assets/Character/_Attack.png using Guid(abfff9b15e1bfaf479114fd912c1de34) Importer(815301076,1909f56bfc062723c751e8b465ee728b)  -> (artifact id: '4e0024f9336cdd59f70631962742d9fb') in 0.113859 seconds
Number of updated asset objects reloaded before import = 0
Number of asset objects unloaded after import = 6
========================================================================
Received Prepare
Begin MonoManager ReloadAssembly
- Loaded All Assemblies, in  0.436 seconds
Refreshing native plugins compatible for Editor in 2.88 ms, found 4 plugins.
Native extension for WindowsStandalone target not found
Native extension for Android target not found
[Package Manager] Server::EnsureServerProcessIsRunning -- launch failed, reason: Unity was launched with the -noUpm command-line argument
[Package Manager] UpmClient::Send -- Unable to send message (not connected to UPM process).
[Package Manager] Cannot connect to Unity Package Manager local server
Mono: successfully reloaded assembly
- Finished resetting the current domain, in  0.968 seconds
Domain Reload Profiling: 1403ms
	BeginReloadAssembly (151ms)
		ExecutionOrderSort (0ms)
		DisableScriptedObjects (11ms)
		BackupInstance (0ms)
		ReleaseScriptingObjects (0ms)
		CreateAndSetChildDomain (37ms)
	RebuildCommonClasses (34ms)
	RebuildNativeTypeToScriptingClass (11ms)
	initialDomainReloadingComplete (23ms)
	LoadAllAssembliesAndSetupDomain (215ms)
		LoadAssemblies (276ms)
		RebuildTransferFunctionScriptingTraits (0ms)
		AnalyzeDomain (13ms)
			TypeCache.Refresh (7ms)
				TypeCache.ScanAssembly (0ms)
			ScanForSourceGeneratedMonoScriptInfo (0ms)
			ResolveRequiredComponents (5ms)
	FinalizeReload (968ms)
		ReleaseScriptCaches (0ms)
		RebuildScriptCaches (0ms)
		SetupLoadedEditorAssemblies (450ms)
			LogAssemblyErrors (0ms)
			InitializePlatformSupportModulesInManaged (21ms)
			SetLoadedEditorAssemblies (3ms)
			RefreshPlugins (0ms)
			BeforeProcessingInitializeOnLoad (66ms)
			ProcessInitializeOnLoadAttributes (321ms)
			ProcessInitializeOnLoadMethodAttributes (37ms)
			AfterProcessingInitializeOnLoad (2ms)
			EditorAssembliesLoaded (0ms)
		ExecutionOrderSort2 (0ms)
		AwakeInstancesAfterBackupRestoration (14ms)
Refreshing native plugins compatible for Editor in 4.76 ms, found 4 plugins.
Preloading 0 native plugins for Editor in 0.00 ms.
Unloading 3999 Unused Serialized files (Serialized files now loaded: 0)
Unloading 41 unused Assets / (216.9 KB). Loaded Objects now: 4485.
Memory consumption went from 139.7 MB to 139.4 MB.
Total: 4.890100 ms (FindLiveObjects: 0.516000 ms CreateObjectMapping: 0.171900 ms MarkObjects: 3.996800 ms  DeleteObjects: 0.203900 ms)

Prepare: number of updated asset objects reloaded= 0
AssetImportParameters requested are different than current active one (requested -> active):
  custom:container-demuxer-ogg: 62fdf1f143b41e24485cea50d1cbac27 -> 
  custom:video-decoder-ogg-theora: a1e56fd34408186e4bbccfd4996cb3dc -> 
  custom:framework-win-MediaFoundation: 216162199b28c13a410421893ffa2e32 -> 
  custom:CustomObjectIndexerAttribute: 756ad292c208cfabdd7b50bc23989ffe -> 
  custom:container-demuxer-webm: 4f35f7cbe854078d1ac9338744f61a02 -> 
  custom:container-muxer-webm: aa71ff27fc2769a1b78a27578f13a17b -> 
  custom:video-decoder-webm-vp8: 9c59270c3fd7afecdb556c50c9e8de78 -> 
  custom:SearchIndexIgnoredProperties: e643bd26f0fe6173181afceb89e7c659 -> 
  custom:AudioImporter_EditorPlatform: d09bf68614088b80899f8185d706f6e7 -> 
  custom:video-encoder-webm-vp8: eb34c28f22e8b96e1ab97ce403110664 -> 
  custom:audio-decoder-ogg-vorbis: bf7c407c2cedff20999df2af8eb42d56 -> 
  custom:audio-encoder-webm-vorbis: bf7c407c2cedff20999df2af8eb42d56 -> 
========================================================================
Received Import Request.
  Time since last request: 140.668670 seconds.
  path: Assets/TileSet/Tiles/1_bit_dungeon_tilest_56.asset
  artifactKey: Guid(59058ce75cdfaa94fb84998f60342ad8) Importer(815301076,1909f56bfc062723c751e8b465ee728b)
Start importing Assets/TileSet/Tiles/1_bit_dungeon_tilest_56.asset using Guid(59058ce75cdfaa94fb84998f60342ad8) Importer(815301076,1909f56bfc062723c751e8b465ee728b)  -> (artifact id: 'ff5a21dfc95bfdbf94a2cedfcaa652dd') in 0.445036 seconds
Number of updated asset objects reloaded before import = 0
Number of asset objects unloaded after import = 3
========================================================================
Received Import Request.
  Time since last request: 0.000020 seconds.
  path: Assets/TileSet/Tiles/1_bit_dungeon_tilest_138.asset
  artifactKey: Guid(57e41bd4e94faf74c9bfa03c5cb01e30) Importer(815301076,1909f56bfc062723c751e8b465ee728b)
Start importing Assets/TileSet/Tiles/1_bit_dungeon_tilest_138.asset using Guid(57e41bd4e94faf74c9bfa03c5cb01e30) Importer(815301076,1909f56bfc062723c751e8b465ee728b)  -> (artifact id: 'f53cb2fff354c4554d3e83618ec56b0c') in 0.006216 seconds
Number of updated asset objects reloaded before import = 0
Number of asset objects unloaded after import = 3
========================================================================
Received Import Request.
  Time since last request: 0.000028 seconds.
  path: Assets/TileSet/Tiles/1_bit_dungeon_tilest_79.asset
  artifactKey: Guid(a7aac52f9816ce5468404f846f68fd02) Importer(815301076,1909f56bfc062723c751e8b465ee728b)
Start importing Assets/TileSet/Tiles/1_bit_dungeon_tilest_79.asset using Guid(a7aac52f9816ce5468404f846f68fd02) Importer(815301076,1909f56bfc062723c751e8b465ee728b)  -> (artifact id: 'b93f3817c3cc0e173beed857ba8b591a') in 0.006977 seconds
Number of updated asset objects reloaded before import = 0
Number of asset objects unloaded after import = 3
========================================================================
Received Import Request.
  Time since last request: 0.000022 seconds.
  path: Assets/TileSet/Tiles/1_bit_dungeon_tilest_171.asset
  artifactKey: Guid(c0a73cafe3b7c7c4cad4734fad0d61bb) Importer(815301076,1909f56bfc062723c751e8b465ee728b)
Start importing Assets/TileSet/Tiles/1_bit_dungeon_tilest_171.asset using Guid(c0a73cafe3b7c7c4cad4734fad0d61bb) Importer(815301076,1909f56bfc062723c751e8b465ee728b)  -> (artifact id: '1879a037abd039ad33deb2021f479c21') in 0.007005 seconds
Number of updated asset objects reloaded before import = 0
Number of asset objects unloaded after import = 3
========================================================================
Received Import Request.
  Time since last request: 0.000019 seconds.
  path: Assets/TileSet/Tiles/1_bit_dungeon_tilest_132.asset
  artifactKey: Guid(0b53aebd9ee891041834d62858eb8b41) Importer(815301076,1909f56bfc062723c751e8b465ee728b)
Start importing Assets/TileSet/Tiles/1_bit_dungeon_tilest_132.asset using Guid(0b53aebd9ee891041834d62858eb8b41) Importer(815301076,1909f56bfc062723c751e8b465ee728b)  -> (artifact id: '14ffdabb79686d33a15513ccabcfeabd') in 0.007077 seconds
Number of updated asset objects reloaded before import = 0
Number of asset objects unloaded after import = 3
========================================================================
Received Import Request.
  Time since last request: 0.000015 seconds.
  path: Assets/TileSet/Tiles/1_bit_dungeon_tilest_156.asset
  artifactKey: Guid(0148ede2e7a788d409d338507e0f77b4) Importer(815301076,1909f56bfc062723c751e8b465ee728b)
Start importing Assets/TileSet/Tiles/1_bit_dungeon_tilest_156.asset using Guid(0148ede2e7a788d409d338507e0f77b4) Importer(815301076,1909f56bfc062723c751e8b465ee728b)  -> (artifact id: 'ba5df5925b5ba833731dbefd3e77555d') in 0.031402 seconds
Number of updated asset objects reloaded before import = 0
Number of asset objects unloaded after import = 3
========================================================================
Received Import Request.
  Time since last request: 0.000021 seconds.
  path: Assets/TileSet/Tiles/1_bit_dungeon_tilest_107.asset
  artifactKey: Guid(63cd8857a1b06c147bef8d616e667735) Importer(815301076,1909f56bfc062723c751e8b465ee728b)
Start importing Assets/TileSet/Tiles/1_bit_dungeon_tilest_107.asset using Guid(63cd8857a1b06c147bef8d616e667735) Importer(815301076,1909f56bfc062723c751e8b465ee728b)  -> (artifact id: '30f6dbf7e1512dca586b9de8abb51fcc') in 0.022357 seconds
Number of updated asset objects reloaded before import = 0
Number of asset objects unloaded after import = 3
========================================================================
Received Import Request.
  Time since last request: 0.000025 seconds.
  path: Assets/TileSet/Tiles/1_bit_dungeon_tilest_85.asset
  artifactKey: Guid(b2962e84a091e0e4f9be4896d2ddab80) Importer(815301076,1909f56bfc062723c751e8b465ee728b)
Start importing Assets/TileSet/Tiles/1_bit_dungeon_tilest_85.asset using Guid(b2962e84a091e0e4f9be4896d2ddab80) Importer(815301076,1909f56bfc062723c751e8b465ee728b)  -> (artifact id: '7b4ab63316c84dea696251672d7449ba') in 0.007397 seconds
Number of updated asset objects reloaded before import = 0
Number of asset objects unloaded after import = 3
========================================================================
Received Import Request.
  Time since last request: 0.000018 seconds.
  path: Assets/TileSet/Tiles/1_bit_dungeon_tilest_65.asset
  artifactKey: Guid(f1698ce17504140408453cd099e01200) Importer(815301076,1909f56bfc062723c751e8b465ee728b)
Start importing Assets/TileSet/Tiles/1_bit_dungeon_tilest_65.asset using Guid(f1698ce17504140408453cd099e01200) Importer(815301076,1909f56bfc062723c751e8b465ee728b)  -> (artifact id: '4d57404bb187698548345cf1bcab03ac') in 0.036673 seconds
Number of updated asset objects reloaded before import = 0
Number of asset objects unloaded after import = 3
========================================================================
Received Import Request.
  Time since last request: 0.000023 seconds.
  path: Assets/TileSet/Tiles/1_bit_dungeon_tilest_125.asset
  artifactKey: Guid(c94ae80dd8dd70e4a80cfe6b7a20762d) Importer(815301076,1909f56bfc062723c751e8b465ee728b)
Start importing Assets/TileSet/Tiles/1_bit_dungeon_tilest_125.asset using Guid(c94ae80dd8dd70e4a80cfe6b7a20762d) Importer(815301076,1909f56bfc062723c751e8b465ee728b)  -> (artifact id: '78405d7edf517ab54a20c3d3a2c86346') in 0.005645 seconds
Number of updated asset objects reloaded before import = 0
Number of asset objects unloaded after import = 3
========================================================================
Received Import Request.
  Time since last request: 0.000023 seconds.
  path: Assets/TileSet/Tiles/1_bit_dungeon_tilest_135.asset
  artifactKey: Guid(5a14936ea878ca040b06dba481512f1d) Importer(815301076,1909f56bfc062723c751e8b465ee728b)
Start importing Assets/TileSet/Tiles/1_bit_dungeon_tilest_135.asset using Guid(5a14936ea878ca040b06dba481512f1d) Importer(815301076,1909f56bfc062723c751e8b465ee728b)  -> (artifact id: '21464a12b641bf613ee93bb957128206') in 0.006078 seconds
Number of updated asset objects reloaded before import = 0
Number of asset objects unloaded after import = 3
========================================================================
Received Import Request.
  Time since last request: 0.000020 seconds.
  path: Assets/TileSet/Tiles/1_bit_dungeon_tilest_60.asset
  artifactKey: Guid(2763287c2d9ead44b84742a5bdc3992b) Importer(815301076,1909f56bfc062723c751e8b465ee728b)
Start importing Assets/TileSet/Tiles/1_bit_dungeon_tilest_60.asset using Guid(2763287c2d9ead44b84742a5bdc3992b) Importer(815301076,1909f56bfc062723c751e8b465ee728b)  -> (artifact id: '1a961d492a621fea53472556d680d605') in 0.006980 seconds
Number of updated asset objects reloaded before import = 0
Number of asset objects unloaded after import = 3
========================================================================
Received Import Request.
  Time since last request: 0.000019 seconds.
  path: Assets/TileSet/Tiles/1_bit_dungeon_tilest_110.asset
  artifactKey: Guid(efe0ad8acf1381b43a63a8ad22d3a4c4) Importer(815301076,1909f56bfc062723c751e8b465ee728b)
Start importing Assets/TileSet/Tiles/1_bit_dungeon_tilest_110.asset using Guid(efe0ad8acf1381b43a63a8ad22d3a4c4) Importer(815301076,1909f56bfc062723c751e8b465ee728b)  -> (artifact id: 'a4148e5d1abe0161a4a1470e113d98ce') in 0.006687 seconds
Number of updated asset objects reloaded before import = 0
Number of asset objects unloaded after import = 3
========================================================================
Received Import Request.
  Time since last request: 0.000018 seconds.
  path: Assets/TileSet/Tiles/1_bit_dungeon_tilest_120.asset
  artifactKey: Guid(6f93df445178ae543a0be37df54d0b96) Importer(815301076,1909f56bfc062723c751e8b465ee728b)
Start importing Assets/TileSet/Tiles/1_bit_dungeon_tilest_120.asset using Guid(6f93df445178ae543a0be37df54d0b96) Importer(815301076,1909f56bfc062723c751e8b465ee728b)  -> (artifact id: '081e3ffd9a9757eec6996f6c6d8a3c93') in 0.005921 seconds
Number of updated asset objects reloaded before import = 0
Number of asset objects unloaded after import = 3
========================================================================
Received Import Request.
  Time since last request: 0.000019 seconds.
  path: Assets/TileSet/Tiles/1_bit_dungeon_tilest_168.asset
  artifactKey: Guid(ca47ff0f2f74ff944a131b8f4a0ccce8) Importer(815301076,1909f56bfc062723c751e8b465ee728b)
Start importing Assets/TileSet/Tiles/1_bit_dungeon_tilest_168.asset using Guid(ca47ff0f2f74ff944a131b8f4a0ccce8) Importer(815301076,1909f56bfc062723c751e8b465ee728b)  -> (artifact id: 'dec092e59fdc575323918b930c1aba40') in 0.015341 seconds
Number of updated asset objects reloaded before import = 0
Number of asset objects unloaded after import = 3
========================================================================
Received Import Request.
  Time since last request: 0.000016 seconds.
  path: Assets/TileSet/Tiles/1_bit_dungeon_tilest_68.asset
  artifactKey: Guid(a9628edd2ac6ec6479e43b2fe2279067) Importer(815301076,1909f56bfc062723c751e8b465ee728b)
Start importing Assets/TileSet/Tiles/1_bit_dungeon_tilest_68.asset using Guid(a9628edd2ac6ec6479e43b2fe2279067) Importer(815301076,1909f56bfc062723c751e8b465ee728b)  -> (artifact id: 'cac2c22f86888e80b90e410ff0aa7afc') in 0.007832 seconds
Number of updated asset objects reloaded before import = 0
Number of asset objects unloaded after import = 3
========================================================================
Received Import Request.
  Time since last request: 0.000025 seconds.
  path: Assets/TileSet/Tiles/1_bit_dungeon_tilest_75.asset
  artifactKey: Guid(dac2c7b705d97314ca7537948f11a97e) Importer(815301076,1909f56bfc062723c751e8b465ee728b)
Start importing Assets/TileSet/Tiles/1_bit_dungeon_tilest_75.asset using Guid(dac2c7b705d97314ca7537948f11a97e) Importer(815301076,1909f56bfc062723c751e8b465ee728b)  -> (artifact id: '1c3f16919698428b464b24ad95d6942a') in 0.013461 seconds
Number of updated asset objects reloaded before import = 0
Number of asset objects unloaded after import = 3
========================================================================
Received Import Request.
  Time since last request: 0.000021 seconds.
  path: Assets/TileSet/Tiles/1_bit_dungeon_tilest_104.asset
  artifactKey: Guid(8efca7736938bb1428d19b9b85666c48) Importer(815301076,1909f56bfc062723c751e8b465ee728b)
Start importing Assets/TileSet/Tiles/1_bit_dungeon_tilest_104.asset using Guid(8efca7736938bb1428d19b9b85666c48) Importer(815301076,1909f56bfc062723c751e8b465ee728b)  -> (artifact id: 'e3b6cc97d2f5654bedfb7fae548c3a2b') in 0.007676 seconds
Number of updated asset objects reloaded before import = 0
Number of asset objects unloaded after import = 3
========================================================================
Received Import Request.
  Time since last request: 0.000033 seconds.
  path: Assets/TileSet/Tiles/1_bit_dungeon_tilest_59.asset
  artifactKey: Guid(66c8f2a6bfea7ce4186b73733690f9c0) Importer(815301076,1909f56bfc062723c751e8b465ee728b)
Start importing Assets/TileSet/Tiles/1_bit_dungeon_tilest_59.asset using Guid(66c8f2a6bfea7ce4186b73733690f9c0) Importer(815301076,1909f56bfc062723c751e8b465ee728b)  -> (artifact id: '4567d3f48f9fe034bb285c5b12ed1d49') in 0.006341 seconds
Number of updated asset objects reloaded before import = 0
Number of asset objects unloaded after import = 3
========================================================================
Received Import Request.
  Time since last request: 0.000029 seconds.
  path: Assets/TileSet/Tiles/1_bit_dungeon_tilest_137.asset
  artifactKey: Guid(7d4f4a90d5050f843b7d12f5173eb5ed) Importer(815301076,1909f56bfc062723c751e8b465ee728b)
Start importing Assets/TileSet/Tiles/1_bit_dungeon_tilest_137.asset using Guid(7d4f4a90d5050f843b7d12f5173eb5ed) Importer(815301076,1909f56bfc062723c751e8b465ee728b)  -> (artifact id: 'e1e0da7c1adf9bcfc275f17574c8d96f') in 0.006475 seconds
Number of updated asset objects reloaded before import = 0
Number of asset objects unloaded after import = 3
========================================================================
Received Import Request.
  Time since last request: 0.000022 seconds.
  path: Assets/TileSet/Tiles/1_bit_dungeon_tilest_70.asset
  artifactKey: Guid(62ea92fc69325de4c8453052c4e540dc) Importer(815301076,1909f56bfc062723c751e8b465ee728b)
Start importing Assets/TileSet/Tiles/1_bit_dungeon_tilest_70.asset using Guid(62ea92fc69325de4c8453052c4e540dc) Importer(815301076,1909f56bfc062723c751e8b465ee728b)  -> (artifact id: '447d9c7229c13c0859ca34a97934c8e0') in 0.007548 seconds
Number of updated asset objects reloaded before import = 0
Number of asset objects unloaded after import = 3
========================================================================
Received Import Request.
  Time since last request: 0.000025 seconds.
  path: Assets/TileSet/Tiles/1_bit_dungeon_tilest_90.asset
  artifactKey: Guid(0702fa176ef2e1145a593810010cec12) Importer(815301076,1909f56bfc062723c751e8b465ee728b)
Start importing Assets/TileSet/Tiles/1_bit_dungeon_tilest_90.asset using Guid(0702fa176ef2e1145a593810010cec12) Importer(815301076,1909f56bfc062723c751e8b465ee728b)  -> (artifact id: '7ba7d37ec0af5af6b8aee7a631b1154c') in 0.007236 seconds
Number of updated asset objects reloaded before import = 0
Number of asset objects unloaded after import = 3
========================================================================
Received Import Request.
  Time since last request: 0.000017 seconds.
  path: Assets/TileSet/Tiles/1_bit_dungeon_tilest_112.asset
  artifactKey: Guid(5541c2e52a80fd642ba834cb1327f83d) Importer(815301076,1909f56bfc062723c751e8b465ee728b)
Start importing Assets/TileSet/Tiles/1_bit_dungeon_tilest_112.asset using Guid(5541c2e52a80fd642ba834cb1327f83d) Importer(815301076,1909f56bfc062723c751e8b465ee728b)  -> (artifact id: '337c6854d42087b1a4816978de24c030') in 0.019807 seconds
Number of updated asset objects reloaded before import = 0
Number of asset objects unloaded after import = 3
========================================================================
Received Import Request.
  Time since last request: 0.000028 seconds.
  path: Assets/TileSet/Tiles/1_bit_dungeon_tilest_74.asset
  artifactKey: Guid(e77742936f628e64484034f3e078382b) Importer(815301076,1909f56bfc062723c751e8b465ee728b)
Start importing Assets/TileSet/Tiles/1_bit_dungeon_tilest_74.asset using Guid(e77742936f628e64484034f3e078382b) Importer(815301076,1909f56bfc062723c751e8b465ee728b)  -> (artifact id: 'e7c5df5d1c43a92b86600858bb091c25') in 0.007247 seconds
Number of updated asset objects reloaded before import = 0
Number of asset objects unloaded after import = 3
========================================================================
Received Import Request.
  Time since last request: 0.000019 seconds.
  path: Assets/TileSet/Tiles/1_bit_dungeon_tilest_158.asset
  artifactKey: Guid(480685112d5441542ba77a22c0d0c2f6) Importer(815301076,1909f56bfc062723c751e8b465ee728b)
Start importing Assets/TileSet/Tiles/1_bit_dungeon_tilest_158.asset using Guid(480685112d5441542ba77a22c0d0c2f6) Importer(815301076,1909f56bfc062723c751e8b465ee728b)  -> (artifact id: '4a4ef2c93292e11c6e52a11f9d7b78c3') in 0.014402 seconds
Number of updated asset objects reloaded before import = 0
Number of asset objects unloaded after import = 3
========================================================================
Received Import Request.
  Time since last request: 0.000020 seconds.
  path: Assets/TileSet/Tiles/1_bit_dungeon_tilest_87.asset
  artifactKey: Guid(3b12c9e22cbaffa44b3fe9e09823613a) Importer(815301076,1909f56bfc062723c751e8b465ee728b)
Start importing Assets/TileSet/Tiles/1_bit_dungeon_tilest_87.asset using Guid(3b12c9e22cbaffa44b3fe9e09823613a) Importer(815301076,1909f56bfc062723c751e8b465ee728b)  -> (artifact id: 'c50d800ce857a57631ac67efe400f90b') in 0.011691 seconds
Number of updated asset objects reloaded before import = 0
Number of asset objects unloaded after import = 3
========================================================================
Received Import Request.
  Time since last request: 0.000021 seconds.
  path: Assets/TileSet/Tiles/1_bit_dungeon_tilest_95.asset
  artifactKey: Guid(c78a23612a1f0a14687460d7631315fa) Importer(815301076,1909f56bfc062723c751e8b465ee728b)
Start importing Assets/TileSet/Tiles/1_bit_dungeon_tilest_95.asset using Guid(c78a23612a1f0a14687460d7631315fa) Importer(815301076,1909f56bfc062723c751e8b465ee728b)  -> (artifact id: '18e4769528b0453135c6d8a4e09511bc') in 0.007036 seconds
Number of updated asset objects reloaded before import = 0
Number of asset objects unloaded after import = 3
========================================================================
Received Import Request.
  Time since last request: 0.000016 seconds.
  path: Assets/TileSet/Tiles/1_bit_dungeon_tilest_140.asset
  artifactKey: Guid(3a45d51896c748140bd8f9ad548ef3e6) Importer(815301076,1909f56bfc062723c751e8b465ee728b)
Start importing Assets/TileSet/Tiles/1_bit_dungeon_tilest_140.asset using Guid(3a45d51896c748140bd8f9ad548ef3e6) Importer(815301076,1909f56bfc062723c751e8b465ee728b)  -> (artifact id: 'd93c08d47805e62d30611e4e7ddf1eee') in 0.007735 seconds
Number of updated asset objects reloaded before import = 0
Number of asset objects unloaded after import = 3
========================================================================
Received Import Request.
  Time since last request: 0.000020 seconds.
  path: Assets/TileSet/Tiles/1_bit_dungeon_tilest_109.asset
  artifactKey: Guid(3e275fa56588b51488645413b1af08d5) Importer(815301076,1909f56bfc062723c751e8b465ee728b)
Start importing Assets/TileSet/Tiles/1_bit_dungeon_tilest_109.asset using Guid(3e275fa56588b51488645413b1af08d5) Importer(815301076,1909f56bfc062723c751e8b465ee728b)  -> (artifact id: 'c9ef4dc37f44b4237584d67a77e295b8') in 0.005647 seconds
Number of updated asset objects reloaded before import = 0
Number of asset objects unloaded after import = 3
========================================================================
Received Import Request.
  Time since last request: 0.000021 seconds.
  path: Assets/TileSet/Tiles/1_bit_dungeon_tilest_172.asset
  artifactKey: Guid(0135ebb4e00410649a01b7de480e16d2) Importer(815301076,1909f56bfc062723c751e8b465ee728b)
Start importing Assets/TileSet/Tiles/1_bit_dungeon_tilest_172.asset using Guid(0135ebb4e00410649a01b7de480e16d2) Importer(815301076,1909f56bfc062723c751e8b465ee728b)  -> (artifact id: 'c8a63a93bf5d86591ce76b1dec64dd5e') in 0.006252 seconds
Number of updated asset objects reloaded before import = 0
Number of asset objects unloaded after import = 3
========================================================================
Received Import Request.
  Time since last request: 0.000023 seconds.
  path: Assets/TileSet/Tiles/1_bit_dungeon_tilest_186.asset
  artifactKey: Guid(50012a6a282b32f48a97b4deab33bb5e) Importer(815301076,1909f56bfc062723c751e8b465ee728b)
Start importing Assets/TileSet/Tiles/1_bit_dungeon_tilest_186.asset using Guid(50012a6a282b32f48a97b4deab33bb5e) Importer(815301076,1909f56bfc062723c751e8b465ee728b)  -> (artifact id: '0759a2a32d35c5ebe59a62d1155cd3b7') in 0.008883 seconds
Number of updated asset objects reloaded before import = 0
Number of asset objects unloaded after import = 3
========================================================================
Received Import Request.
  Time since last request: 0.000019 seconds.
  path: Assets/TileSet/Tiles/1_bit_dungeon_tilest_183.asset
  artifactKey: Guid(6a9b9716b259a604ba284412da42c3c2) Importer(815301076,1909f56bfc062723c751e8b465ee728b)
Start importing Assets/TileSet/Tiles/1_bit_dungeon_tilest_183.asset using Guid(6a9b9716b259a604ba284412da42c3c2) Importer(815301076,1909f56bfc062723c751e8b465ee728b)  -> (artifact id: '54ff35cde96aed3502c5ce8085299841') in 0.007102 seconds
Number of updated asset objects reloaded before import = 0
Number of asset objects unloaded after import = 3
========================================================================
Received Import Request.
  Time since last request: 0.000024 seconds.
  path: Assets/TileSet/Tiles/1_bit_dungeon_tilest_191.asset
  artifactKey: Guid(95cc560ebfb7847458befe7797ef04d6) Importer(815301076,1909f56bfc062723c751e8b465ee728b)
Start importing Assets/TileSet/Tiles/1_bit_dungeon_tilest_191.asset using Guid(95cc560ebfb7847458befe7797ef04d6) Importer(815301076,1909f56bfc062723c751e8b465ee728b)  -> (artifact id: '5d9e96000fe3018fd02173cf6288646d') in 0.008370 seconds
Number of updated asset objects reloaded before import = 0
Number of asset objects unloaded after import = 3
========================================================================
Received Import Request.
  Time since last request: 0.000020 seconds.
  path: Assets/TileSet/Tiles/1_bit_dungeon_tilest_128.asset
  artifactKey: Guid(dc774897fd0cf494083858ff604718ab) Importer(815301076,1909f56bfc062723c751e8b465ee728b)
Start importing Assets/TileSet/Tiles/1_bit_dungeon_tilest_128.asset using Guid(dc774897fd0cf494083858ff604718ab) Importer(815301076,1909f56bfc062723c751e8b465ee728b)  -> (artifact id: '815ddece3a63e37b5971ffdcab6d98de') in 0.005599 seconds
Number of updated asset objects reloaded before import = 0
Number of asset objects unloaded after import = 3
========================================================================
Received Import Request.
  Time since last request: 0.000029 seconds.
  path: Assets/TileSet/Tiles/1_bit_dungeon_tilest_157.asset
  artifactKey: Guid(7ab1b2c1ceb197d43859a9d683f77b29) Importer(815301076,1909f56bfc062723c751e8b465ee728b)
Start importing Assets/TileSet/Tiles/1_bit_dungeon_tilest_157.asset using Guid(7ab1b2c1ceb197d43859a9d683f77b29) Importer(815301076,1909f56bfc062723c751e8b465ee728b)  -> (artifact id: '71a6c4f6ee6e2c65861b89203e7550c7') in 0.007378 seconds
Number of updated asset objects reloaded before import = 0
Number of asset objects unloaded after import = 3
========================================================================
Received Import Request.
  Time since last request: 0.000021 seconds.
  path: Assets/TileSet/Tiles/1_bit_dungeon_tilest_199.asset
  artifactKey: Guid(271836bfd5143d148ae268621c482961) Importer(815301076,1909f56bfc062723c751e8b465ee728b)
Start importing Assets/TileSet/Tiles/1_bit_dungeon_tilest_199.asset using Guid(271836bfd5143d148ae268621c482961) Importer(815301076,1909f56bfc062723c751e8b465ee728b)  -> (artifact id: '7b7a43be15babf7129af3e309ec749b8') in 0.019800 seconds
Number of updated asset objects reloaded before import = 0
Number of asset objects unloaded after import = 3
========================================================================
Received Import Request.
  Time since last request: 0.000017 seconds.
  path: Assets/TileSet/Tiles/1_bit_dungeon_tilest_206.asset
  artifactKey: Guid(8ac681a8d20ff1049af0a2a90df7e79e) Importer(815301076,1909f56bfc062723c751e8b465ee728b)
Start importing Assets/TileSet/Tiles/1_bit_dungeon_tilest_206.asset using Guid(8ac681a8d20ff1049af0a2a90df7e79e) Importer(815301076,1909f56bfc062723c751e8b465ee728b)  -> (artifact id: 'd5f171c11675eaff9f116850b1e3188b') in 0.005903 seconds
Number of updated asset objects reloaded before import = 0
Number of asset objects unloaded after import = 3
========================================================================
Received Import Request.
  Time since last request: 0.000017 seconds.
  path: Assets/TileSet/Tiles/1_bit_dungeon_tilest_196.asset
  artifactKey: Guid(30aeaeee506d9b942ad15304cdda93a8) Importer(815301076,1909f56bfc062723c751e8b465ee728b)
Start importing Assets/TileSet/Tiles/1_bit_dungeon_tilest_196.asset using Guid(30aeaeee506d9b942ad15304cdda93a8) Importer(815301076,1909f56bfc062723c751e8b465ee728b)  -> (artifact id: 'f94acda5b39fc978a24635e1d602cee1') in 0.032744 seconds
Number of updated asset objects reloaded before import = 0
Number of asset objects unloaded after import = 3
========================================================================
Received Import Request.
  Time since last request: 0.000024 seconds.
  path: Assets/TileSet/Tiles/1_bit_dungeon_tilest_215.asset
  artifactKey: Guid(4701a158cb27ddc46b748860e377e679) Importer(815301076,1909f56bfc062723c751e8b465ee728b)
Start importing Assets/TileSet/Tiles/1_bit_dungeon_tilest_215.asset using Guid(4701a158cb27ddc46b748860e377e679) Importer(815301076,1909f56bfc062723c751e8b465ee728b)  -> (artifact id: '7513969794b2914bafdd2389fe0b7622') in 0.011335 seconds
Number of updated asset objects reloaded before import = 0
Number of asset objects unloaded after import = 3
========================================================================
Received Import Request.
  Time since last request: 0.000031 seconds.
  path: Assets/TileSet/Tiles/1_bit_dungeon_tilest_159.asset
  artifactKey: Guid(5a0bf71758a71bc42a7a23564caa141f) Importer(815301076,1909f56bfc062723c751e8b465ee728b)
Start importing Assets/TileSet/Tiles/1_bit_dungeon_tilest_159.asset using Guid(5a0bf71758a71bc42a7a23564caa141f) Importer(815301076,1909f56bfc062723c751e8b465ee728b)  -> (artifact id: '9d32fb66a5fb3a369bf52b11acb3099e') in 0.006590 seconds
Number of updated asset objects reloaded before import = 0
Number of asset objects unloaded after import = 3
========================================================================
Received Import Request.
  Time since last request: 0.000026 seconds.
  path: Assets/TileSet/Tiles/1_bit_dungeon_tilest_88.asset
  artifactKey: Guid(4c1fa73dcf38a7847aa5caf2dc478b57) Importer(815301076,1909f56bfc062723c751e8b465ee728b)
Start importing Assets/TileSet/Tiles/1_bit_dungeon_tilest_88.asset using Guid(4c1fa73dcf38a7847aa5caf2dc478b57) Importer(815301076,1909f56bfc062723c751e8b465ee728b)  -> (artifact id: 'ea045a0240b041d7fad9328cfd41c466') in 0.031191 seconds
Number of updated asset objects reloaded before import = 0
Number of asset objects unloaded after import = 3
========================================================================
Received Import Request.
  Time since last request: 0.000036 seconds.
  path: Assets/TileSet/Tiles/1_bit_dungeon_tilest_198.asset
  artifactKey: Guid(97f71c5e5a4642a4e8bad484a4ae89da) Importer(815301076,1909f56bfc062723c751e8b465ee728b)
Start importing Assets/TileSet/Tiles/1_bit_dungeon_tilest_198.asset using Guid(97f71c5e5a4642a4e8bad484a4ae89da) Importer(815301076,1909f56bfc062723c751e8b465ee728b)  -> (artifact id: 'e7cf857f5452cf4a8559598ab371cd5a') in 0.010988 seconds
Number of updated asset objects reloaded before import = 0
Number of asset objects unloaded after import = 3
========================================================================
Received Import Request.
  Time since last request: 0.000017 seconds.
  path: Assets/TileSet/Tiles/1_bit_dungeon_tilest_83.asset
  artifactKey: Guid(c4c344be6e58398468b153610d9cf836) Importer(815301076,1909f56bfc062723c751e8b465ee728b)
Start importing Assets/TileSet/Tiles/1_bit_dungeon_tilest_83.asset using Guid(c4c344be6e58398468b153610d9cf836) Importer(815301076,1909f56bfc062723c751e8b465ee728b)  -> (artifact id: '0197e2b95a903ffb212c1b941ff052b2') in 0.011470 seconds
Number of updated asset objects reloaded before import = 0
Number of asset objects unloaded after import = 3
========================================================================
Received Import Request.
  Time since last request: 0.000046 seconds.
  path: Assets/TileSet/Tiles/1_bit_dungeon_tilest_182.asset
  artifactKey: Guid(073d0d2c12b2e044581001695b800b07) Importer(815301076,1909f56bfc062723c751e8b465ee728b)
Start importing Assets/TileSet/Tiles/1_bit_dungeon_tilest_182.asset using Guid(073d0d2c12b2e044581001695b800b07) Importer(815301076,1909f56bfc062723c751e8b465ee728b)  -> (artifact id: '257ed47a5ff5268ad5892b339a402cac') in 0.007372 seconds
Number of updated asset objects reloaded before import = 0
Number of asset objects unloaded after import = 3
========================================================================
Received Import Request.
  Time since last request: 0.000022 seconds.
  path: Assets/TileSet/Tiles/1_bit_dungeon_tilest_218.asset
  artifactKey: Guid(444cae1ebd356df4a85d1a5b995ce997) Importer(815301076,1909f56bfc062723c751e8b465ee728b)
Start importing Assets/TileSet/Tiles/1_bit_dungeon_tilest_218.asset using Guid(444cae1ebd356df4a85d1a5b995ce997) Importer(815301076,1909f56bfc062723c751e8b465ee728b)  -> (artifact id: '4c8881f8250dc5d00fca67c0d5e81c3c') in 0.006372 seconds
Number of updated asset objects reloaded before import = 0
Number of asset objects unloaded after import = 3
========================================================================
Received Import Request.
  Time since last request: 0.000021 seconds.
  path: Assets/TileSet/Tiles/1_bit_dungeon_tilest_98.asset
  artifactKey: Guid(696419e41fa14df458fa554b38c47049) Importer(815301076,1909f56bfc062723c751e8b465ee728b)
Start importing Assets/TileSet/Tiles/1_bit_dungeon_tilest_98.asset using Guid(696419e41fa14df458fa554b38c47049) Importer(815301076,1909f56bfc062723c751e8b465ee728b)  -> (artifact id: '4fdeade01197784c373192543a1b4de7') in 0.006152 seconds
Number of updated asset objects reloaded before import = 0
Number of asset objects unloaded after import = 3
========================================================================
Received Import Request.
  Time since last request: 0.000025 seconds.
  path: Assets/TileSet/Tiles/1_bit_dungeon_tilest_184.asset
  artifactKey: Guid(87a3563e688ab2c4fba5a5713b398a4d) Importer(815301076,1909f56bfc062723c751e8b465ee728b)
Start importing Assets/TileSet/Tiles/1_bit_dungeon_tilest_184.asset using Guid(87a3563e688ab2c4fba5a5713b398a4d) Importer(815301076,1909f56bfc062723c751e8b465ee728b)  -> (artifact id: 'b7d3fb7458aac719a6f14395b685f25e') in 0.028775 seconds
Number of updated asset objects reloaded before import = 0
Number of asset objects unloaded after import = 3
========================================================================
Received Import Request.
  Time since last request: 0.000017 seconds.
  path: Assets/TileSet/Tiles/1_bit_dungeon_tilest_211.asset
  artifactKey: Guid(b6c3426209e183943a730a2ce1c90187) Importer(815301076,1909f56bfc062723c751e8b465ee728b)
Start importing Assets/TileSet/Tiles/1_bit_dungeon_tilest_211.asset using Guid(b6c3426209e183943a730a2ce1c90187) Importer(815301076,1909f56bfc062723c751e8b465ee728b)  -> (artifact id: 'ae81de925f2c84061eead00a0e07dc7e') in 0.007903 seconds
Number of updated asset objects reloaded before import = 0
Number of asset objects unloaded after import = 3
========================================================================
Received Import Request.
  Time since last request: 0.000026 seconds.
  path: Assets/TileSet/Tiles/1_bit_dungeon_tilest_61.asset
  artifactKey: Guid(bee5a9c427d93f14685072a6144d754b) Importer(815301076,1909f56bfc062723c751e8b465ee728b)
Start importing Assets/TileSet/Tiles/1_bit_dungeon_tilest_61.asset using Guid(bee5a9c427d93f14685072a6144d754b) Importer(815301076,1909f56bfc062723c751e8b465ee728b)  -> (artifact id: 'a20f7910b08171cdd725a6ea5c88dfb9') in 0.006956 seconds
Number of updated asset objects reloaded before import = 0
Number of asset objects unloaded after import = 3
========================================================================
Received Import Request.
  Time since last request: 0.000018 seconds.
  path: Assets/TileSet/Tiles/1_bit_dungeon_tilest_195.asset
  artifactKey: Guid(13a6ef729720e0244a5ba72b0ed6b7ba) Importer(815301076,1909f56bfc062723c751e8b465ee728b)
Start importing Assets/TileSet/Tiles/1_bit_dungeon_tilest_195.asset using Guid(13a6ef729720e0244a5ba72b0ed6b7ba) Importer(815301076,1909f56bfc062723c751e8b465ee728b)  -> (artifact id: 'ccb273ab445885421923c2df47e69765') in 0.006453 seconds
Number of updated asset objects reloaded before import = 0
Number of asset objects unloaded after import = 3
========================================================================
Received Import Request.
  Time since last request: 0.000017 seconds.
  path: Assets/TileSet/Tiles/1_bit_dungeon_tilest_166.asset
  artifactKey: Guid(41187f9b40741774892dac21db0e43d7) Importer(815301076,1909f56bfc062723c751e8b465ee728b)
Start importing Assets/TileSet/Tiles/1_bit_dungeon_tilest_166.asset using Guid(41187f9b40741774892dac21db0e43d7) Importer(815301076,1909f56bfc062723c751e8b465ee728b)  -> (artifact id: '771e0f5df25cfc5a9579511b4700429f') in 0.006037 seconds
Number of updated asset objects reloaded before import = 0
Number of asset objects unloaded after import = 3
========================================================================
Received Import Request.
  Time since last request: 0.000018 seconds.
  path: Assets/TileSet/Tiles/1_bit_dungeon_tilest_202.asset
  artifactKey: Guid(fa8198806c0f0514d963951ed7d926b2) Importer(815301076,1909f56bfc062723c751e8b465ee728b)
Start importing Assets/TileSet/Tiles/1_bit_dungeon_tilest_202.asset using Guid(fa8198806c0f0514d963951ed7d926b2) Importer(815301076,1909f56bfc062723c751e8b465ee728b)  -> (artifact id: '6a70c4205b043bc66a7dfc227243867d') in 0.013688 seconds
Number of updated asset objects reloaded before import = 0
Number of asset objects unloaded after import = 3
========================================================================
Received Import Request.
  Time since last request: 0.000022 seconds.
  path: Assets/TileSet/Tiles/1_bit_dungeon_tilest_223.asset
  artifactKey: Guid(ca57b09ecf81a8f47aa08c9c307ee6b7) Importer(815301076,1909f56bfc062723c751e8b465ee728b)
Start importing Assets/TileSet/Tiles/1_bit_dungeon_tilest_223.asset using Guid(ca57b09ecf81a8f47aa08c9c307ee6b7) Importer(815301076,1909f56bfc062723c751e8b465ee728b)  -> (artifact id: '59245469d2b03b88417cb1ce2f28260f') in 0.006095 seconds
Number of updated asset objects reloaded before import = 0
Number of asset objects unloaded after import = 3
========================================================================
Received Import Request.
  Time since last request: 0.000077 seconds.
  path: Assets/TileSet/Tiles/1_bit_dungeon_tilest_152.asset
  artifactKey: Guid(9f7298f6aee24fa4084ebeb4705c778f) Importer(815301076,1909f56bfc062723c751e8b465ee728b)
Start importing Assets/TileSet/Tiles/1_bit_dungeon_tilest_152.asset using Guid(9f7298f6aee24fa4084ebeb4705c778f) Importer(815301076,1909f56bfc062723c751e8b465ee728b)  -> (artifact id: '0f7dad46a8e9a937da23ec9b4fa5b0e8') in 0.006855 seconds
Number of updated asset objects reloaded before import = 0
Number of asset objects unloaded after import = 3
========================================================================
Received Import Request.
  Time since last request: 0.000019 seconds.
  path: Assets/TileSet/Tiles/1_bit_dungeon_tilest_150.asset
  artifactKey: Guid(40aadeff3c073b44097974a5f6aea43a) Importer(815301076,1909f56bfc062723c751e8b465ee728b)
Start importing Assets/TileSet/Tiles/1_bit_dungeon_tilest_150.asset using Guid(40aadeff3c073b44097974a5f6aea43a) Importer(815301076,1909f56bfc062723c751e8b465ee728b)  -> (artifact id: '8fb15aa7108c8644366a29f4a9e346be') in 0.006504 seconds
Number of updated asset objects reloaded before import = 0
Number of asset objects unloaded after import = 3
========================================================================
Received Import Request.
  Time since last request: 0.000018 seconds.
  path: Assets/TileSet/Tiles/1_bit_dungeon_tilest_76.asset
  artifactKey: Guid(4f168daeafe28ca48a798fe01c6c6f16) Importer(815301076,1909f56bfc062723c751e8b465ee728b)
Start importing Assets/TileSet/Tiles/1_bit_dungeon_tilest_76.asset using Guid(4f168daeafe28ca48a798fe01c6c6f16) Importer(815301076,1909f56bfc062723c751e8b465ee728b)  -> (artifact id: '2239dd28ba215b22ec7fce5e7d06c3ee') in 0.008316 seconds
Number of updated asset objects reloaded before import = 0
Number of asset objects unloaded after import = 3
========================================================================
Received Import Request.
  Time since last request: 0.000023 seconds.
  path: Assets/TileSet/Tiles/1_bit_dungeon_tilest_129.asset
  artifactKey: Guid(80863b4e7a01e874d86f71616e02a17b) Importer(815301076,1909f56bfc062723c751e8b465ee728b)
Start importing Assets/TileSet/Tiles/1_bit_dungeon_tilest_129.asset using Guid(80863b4e7a01e874d86f71616e02a17b) Importer(815301076,1909f56bfc062723c751e8b465ee728b)  -> (artifact id: 'f7dc661fb1bc0acf58b5c70f4ed8ccc2') in 0.006992 seconds
Number of updated asset objects reloaded before import = 0
Number of asset objects unloaded after import = 3
========================================================================
Received Import Request.
  Time since last request: 0.000041 seconds.
  path: Assets/TileSet/Tiles/1_bit_dungeon_tilest_86.asset
  artifactKey: Guid(5ecaebfdc92d26b4e978041ff5b844da) Importer(815301076,1909f56bfc062723c751e8b465ee728b)
Start importing Assets/TileSet/Tiles/1_bit_dungeon_tilest_86.asset using Guid(5ecaebfdc92d26b4e978041ff5b844da) Importer(815301076,1909f56bfc062723c751e8b465ee728b)  -> (artifact id: '2b22cc8536c40a6341cb680950c4a6d3') in 0.005821 seconds
Number of updated asset objects reloaded before import = 0
Number of asset objects unloaded after import = 3
========================================================================
Received Import Request.
  Time since last request: 0.000020 seconds.
  path: Assets/TileSet/Tiles/1_bit_dungeon_tilest_214.asset
  artifactKey: Guid(61113c40c5cefcc4f8e99bc50837977c) Importer(815301076,1909f56bfc062723c751e8b465ee728b)
Start importing Assets/TileSet/Tiles/1_bit_dungeon_tilest_214.asset using Guid(61113c40c5cefcc4f8e99bc50837977c) Importer(815301076,1909f56bfc062723c751e8b465ee728b)  -> (artifact id: '86fa608f94bb093ea44b7f1dbf753846') in 0.006874 seconds
Number of updated asset objects reloaded before import = 0
Number of asset objects unloaded after import = 3
========================================================================
Received Import Request.
  Time since last request: 0.000016 seconds.
  path: Assets/TileSet/Tiles/Tile1.prefab
  artifactKey: Guid(6a0b54ea1723f56459625c73ba4f85f8) Importer(815301076,1909f56bfc062723c751e8b465ee728b)
Start importing Assets/TileSet/Tiles/Tile1.prefab using Guid(6a0b54ea1723f56459625c73ba4f85f8) Importer(815301076,1909f56bfc062723c751e8b465ee728b)  -> (artifact id: '16298c1edba3f5bb939c843b387a3b9b') in 0.129482 seconds
Number of updated asset objects reloaded before import = 0
Number of asset objects unloaded after import = 461
========================================================================
Received Import Request.
  Time since last request: 0.000028 seconds.
  path: Assets/TileSet/Tiles/1_bit_dungeon_tilest_141.asset
  artifactKey: Guid(d8da30069ede52c4f8d50d46f595872e) Importer(815301076,1909f56bfc062723c751e8b465ee728b)
Start importing Assets/TileSet/Tiles/1_bit_dungeon_tilest_141.asset using Guid(d8da30069ede52c4f8d50d46f595872e) Importer(815301076,1909f56bfc062723c751e8b465ee728b)  -> (artifact id: 'ff67c2685a3227868d511026eb84613e') in 0.007796 seconds
Number of updated asset objects reloaded before import = 0
Number of asset objects unloaded after import = 3
========================================================================
Received Import Request.
  Time since last request: 0.000031 seconds.
  path: Assets/TileSet/Tiles/1_bit_dungeon_tilest_162.asset
  artifactKey: Guid(67389331475342449b5bca5f85e67388) Importer(815301076,1909f56bfc062723c751e8b465ee728b)
Start importing Assets/TileSet/Tiles/1_bit_dungeon_tilest_162.asset using Guid(67389331475342449b5bca5f85e67388) Importer(815301076,1909f56bfc062723c751e8b465ee728b)  -> (artifact id: 'c2b19cec4c130eb4e28df5685da8c820') in 0.007057 seconds
Number of updated asset objects reloaded before import = 0
Number of asset objects unloaded after import = 3
========================================================================
Received Import Request.
  Time since last request: 0.000025 seconds.
  path: Assets/TileSet/Tiles/1_bit_dungeon_tilest_147.asset
  artifactKey: Guid(b80de570937a07643aef52f16e5fb812) Importer(815301076,1909f56bfc062723c751e8b465ee728b)
Start importing Assets/TileSet/Tiles/1_bit_dungeon_tilest_147.asset using Guid(b80de570937a07643aef52f16e5fb812) Importer(815301076,1909f56bfc062723c751e8b465ee728b)  -> (artifact id: '5759aa97687796a5567262577b931158') in 0.007951 seconds
Number of updated asset objects reloaded before import = 0
Number of asset objects unloaded after import = 3
========================================================================
Received Import Request.
  Time since last request: 0.000023 seconds.
  path: Assets/TileSet/Tiles/1_bit_dungeon_tilest_121.asset
  artifactKey: Guid(611c61e5a7067714299ed9c3d66a65b7) Importer(815301076,1909f56bfc062723c751e8b465ee728b)
Start importing Assets/TileSet/Tiles/1_bit_dungeon_tilest_121.asset using Guid(611c61e5a7067714299ed9c3d66a65b7) Importer(815301076,1909f56bfc062723c751e8b465ee728b)  -> (artifact id: 'b856ae6761800fd8131506cbd374e8a4') in 0.007527 seconds
Number of updated asset objects reloaded before import = 0
Number of asset objects unloaded after import = 3
========================================================================
Received Import Request.
  Time since last request: 0.000029 seconds.
  path: Assets/TileSet/Tiles/1_bit_dungeon_tilest_175.asset
  artifactKey: Guid(86c74af3ede08c54a91d4dd384fe3731) Importer(815301076,1909f56bfc062723c751e8b465ee728b)
Start importing Assets/TileSet/Tiles/1_bit_dungeon_tilest_175.asset using Guid(86c74af3ede08c54a91d4dd384fe3731) Importer(815301076,1909f56bfc062723c751e8b465ee728b)  -> (artifact id: 'd4c197b4d60361a2e3ddd9f9e92570ac') in 0.006406 seconds
Number of updated asset objects reloaded before import = 0
Number of asset objects unloaded after import = 3
========================================================================
Received Import Request.
  Time since last request: 0.000147 seconds.
  path: Assets/TileSet/Tiles/1_bit_dungeon_tilest_82.asset
  artifactKey: Guid(9bf06e7a8442a604aaabbd0ef209f919) Importer(815301076,1909f56bfc062723c751e8b465ee728b)
Start importing Assets/TileSet/Tiles/1_bit_dungeon_tilest_82.asset using Guid(9bf06e7a8442a604aaabbd0ef209f919) Importer(815301076,1909f56bfc062723c751e8b465ee728b)  -> (artifact id: '65bb4107738421868322f565cf288b9f') in 0.006553 seconds
Number of updated asset objects reloaded before import = 0
Number of asset objects unloaded after import = 3
========================================================================
Received Import Request.
  Time since last request: 0.000019 seconds.
  path: Assets/TileSet/Tiles/1_bit_dungeon_tilest_130.asset
  artifactKey: Guid(86db523eb60c7c9469b85cd2b838271f) Importer(815301076,1909f56bfc062723c751e8b465ee728b)
Start importing Assets/TileSet/Tiles/1_bit_dungeon_tilest_130.asset using Guid(86db523eb60c7c9469b85cd2b838271f) Importer(815301076,1909f56bfc062723c751e8b465ee728b)  -> (artifact id: '7030572f68fc7afcec30fd74bab96a0d') in 0.006988 seconds
Number of updated asset objects reloaded before import = 0
Number of asset objects unloaded after import = 3
========================================================================
Received Import Request.
  Time since last request: 0.000027 seconds.
  path: Assets/TileSet/Tiles/1_bit_dungeon_tilest_193.asset
  artifactKey: Guid(f417c7c9eacebbc4fbeaf1be725b758f) Importer(815301076,1909f56bfc062723c751e8b465ee728b)
Start importing Assets/TileSet/Tiles/1_bit_dungeon_tilest_193.asset using Guid(f417c7c9eacebbc4fbeaf1be725b758f) Importer(815301076,1909f56bfc062723c751e8b465ee728b)  -> (artifact id: '94abeb847deee57cb00c8f9eb881d243') in 0.007088 seconds
Number of updated asset objects reloaded before import = 0
Number of asset objects unloaded after import = 3
========================================================================
Received Import Request.
  Time since last request: 0.000031 seconds.
  path: Assets/TileSet/Tiles/1_bit_dungeon_tilest_170.asset
  artifactKey: Guid(0ae0e6afa23b837439f1143d41645b27) Importer(815301076,1909f56bfc062723c751e8b465ee728b)
Start importing Assets/TileSet/Tiles/1_bit_dungeon_tilest_170.asset using Guid(0ae0e6afa23b837439f1143d41645b27) Importer(815301076,1909f56bfc062723c751e8b465ee728b)  -> (artifact id: '7f3e3a43c6500deba7d9e9c3d4fcef3c') in 0.008275 seconds
Number of updated asset objects reloaded before import = 0
Number of asset objects unloaded after import = 3
========================================================================
Received Import Request.
  Time since last request: 0.000018 seconds.
  path: Assets/TileSet/Tiles/1_bit_dungeon_tilest_224.asset
  artifactKey: Guid(01c56ebd913986f4288bac3a31e9f478) Importer(815301076,1909f56bfc062723c751e8b465ee728b)
Start importing Assets/TileSet/Tiles/1_bit_dungeon_tilest_224.asset using Guid(01c56ebd913986f4288bac3a31e9f478) Importer(815301076,1909f56bfc062723c751e8b465ee728b)  -> (artifact id: '6a8b4888339c075c64d3963aad99b599') in 0.007740 seconds
Number of updated asset objects reloaded before import = 0
Number of asset objects unloaded after import = 3
========================================================================
Received Import Request.
  Time since last request: 0.000016 seconds.
  path: Assets/TileSet/Tiles/1_bit_dungeon_tilest_114.asset
  artifactKey: Guid(c8ee15615cde07747905349609f139ff) Importer(815301076,1909f56bfc062723c751e8b465ee728b)
Start importing Assets/TileSet/Tiles/1_bit_dungeon_tilest_114.asset using Guid(c8ee15615cde07747905349609f139ff) Importer(815301076,1909f56bfc062723c751e8b465ee728b)  -> (artifact id: '08b0dadcf13c9da7cc80b3e4a4e2bb94') in 0.005719 seconds
Number of updated asset objects reloaded before import = 0
Number of asset objects unloaded after import = 3
========================================================================
Received Import Request.
  Time since last request: 0.000018 seconds.
  path: Assets/TileSet/Tiles/1_bit_dungeon_tilest_143.asset
  artifactKey: Guid(33abe0c726d2a7341ac86a1bf53ef33b) Importer(815301076,1909f56bfc062723c751e8b465ee728b)
Start importing Assets/TileSet/Tiles/1_bit_dungeon_tilest_143.asset using Guid(33abe0c726d2a7341ac86a1bf53ef33b) Importer(815301076,1909f56bfc062723c751e8b465ee728b)  -> (artifact id: '8c4abca569eedd8213f8173f42afcab5') in 0.027736 seconds
Number of updated asset objects reloaded before import = 0
Number of asset objects unloaded after import = 3
========================================================================
Received Import Request.
  Time since last request: 0.000025 seconds.
  path: Assets/TileSet/Tiles/1_bit_dungeon_tilest_208.asset
  artifactKey: Guid(d6f82588a7d3f444bbcde561fe9319b6) Importer(815301076,1909f56bfc062723c751e8b465ee728b)
Start importing Assets/TileSet/Tiles/1_bit_dungeon_tilest_208.asset using Guid(d6f82588a7d3f444bbcde561fe9319b6) Importer(815301076,1909f56bfc062723c751e8b465ee728b)  -> (artifact id: '5b5f0478a2628efa2f850adceaa1f378') in 0.015096 seconds
Number of updated asset objects reloaded before import = 0
Number of asset objects unloaded after import = 3
========================================================================
Received Import Request.
  Time since last request: 0.000017 seconds.
  path: Assets/TileSet/Tiles/1_bit_dungeon_tilest_210.asset
  artifactKey: Guid(2c5ccc5a1588d3940b973232af299352) Importer(815301076,1909f56bfc062723c751e8b465ee728b)
Start importing Assets/TileSet/Tiles/1_bit_dungeon_tilest_210.asset using Guid(2c5ccc5a1588d3940b973232af299352) Importer(815301076,1909f56bfc062723c751e8b465ee728b)  -> (artifact id: '9d73d67a805b5306d8379bd35375212b') in 0.006387 seconds
Number of updated asset objects reloaded before import = 0
Number of asset objects unloaded after import = 3
========================================================================
Received Import Request.
  Time since last request: 0.000019 seconds.
  path: Assets/TileSet/Tiles/1_bit_dungeon_tilest_178.asset
  artifactKey: Guid(20e56afa54188af48ab16cf299dccb1e) Importer(815301076,1909f56bfc062723c751e8b465ee728b)
Start importing Assets/TileSet/Tiles/1_bit_dungeon_tilest_178.asset using Guid(20e56afa54188af48ab16cf299dccb1e) Importer(815301076,1909f56bfc062723c751e8b465ee728b)  -> (artifact id: '979c7f0574b2deca6991f662ed0a42bb') in 0.006989 seconds
Number of updated asset objects reloaded before import = 0
Number of asset objects unloaded after import = 3
========================================================================
Received Import Request.
  Time since last request: 0.000018 seconds.
  path: Assets/TileSet/Tiles/1_bit_dungeon_tilest_164.asset
  artifactKey: Guid(7ade3155398c33747b7d2921fc583ddd) Importer(815301076,1909f56bfc062723c751e8b465ee728b)
Start importing Assets/TileSet/Tiles/1_bit_dungeon_tilest_164.asset using Guid(7ade3155398c33747b7d2921fc583ddd) Importer(815301076,1909f56bfc062723c751e8b465ee728b)  -> (artifact id: 'a139f27579d2fd0f60b327631bcbcfb0') in 0.009147 seconds
Number of updated asset objects reloaded before import = 0
Number of asset objects unloaded after import = 3
========================================================================
Received Import Request.
  Time since last request: 0.000020 seconds.
  path: Assets/TileSet/Tiles/1_bit_dungeon_tilest_89.asset
  artifactKey: Guid(523ff8c27ec5b40408c1b142cf75b872) Importer(815301076,1909f56bfc062723c751e8b465ee728b)
Start importing Assets/TileSet/Tiles/1_bit_dungeon_tilest_89.asset using Guid(523ff8c27ec5b40408c1b142cf75b872) Importer(815301076,1909f56bfc062723c751e8b465ee728b)  -> (artifact id: '56c5a5f4b6d7e020431f53e530d8cc7c') in 0.006325 seconds
Number of updated asset objects reloaded before import = 0
Number of asset objects unloaded after import = 3
========================================================================
Received Import Request.
  Time since last request: 0.000020 seconds.
  path: Assets/TileSet/Tiles/1_bit_dungeon_tilest_192.asset
  artifactKey: Guid(4443f07046b052244a8bffd09c4c64c6) Importer(815301076,1909f56bfc062723c751e8b465ee728b)
Start importing Assets/TileSet/Tiles/1_bit_dungeon_tilest_192.asset using Guid(4443f07046b052244a8bffd09c4c64c6) Importer(815301076,1909f56bfc062723c751e8b465ee728b)  -> (artifact id: '8431b6c30942eaa084f052f058651998') in 0.006536 seconds
Number of updated asset objects reloaded before import = 0
Number of asset objects unloaded after import = 3
========================================================================
Received Import Request.
  Time since last request: 0.000030 seconds.
  path: Assets/TileSet/Tiles/1_bit_dungeon_tilest_115.asset
  artifactKey: Guid(4f70720026214bd489c810e02118facc) Importer(815301076,1909f56bfc062723c751e8b465ee728b)
Start importing Assets/TileSet/Tiles/1_bit_dungeon_tilest_115.asset using Guid(4f70720026214bd489c810e02118facc) Importer(815301076,1909f56bfc062723c751e8b465ee728b)  -> (artifact id: '77fd963556281e39bb743f3aad5a1605') in 0.006305 seconds
Number of updated asset objects reloaded before import = 0
Number of asset objects unloaded after import = 3
Editor requested this worker to shutdown with reason: Scaling down because of idle timeout
TcpMessagingSession - receive error: operation aborted. errorcode: 995, details: La operacin de E/S se anul por una salida de subproceso o por una solicitud de aplicacin.
AssetImportWorker is now disconnected from the server
Process exiting
Exiting without the bug reporter. Application will terminate with return code 0